#
# There is insufficient memory for the Java Runtime Environment to continue.
# Native memory allocation (mmap) failed to map 264241152 bytes for G1 virtual space
# Possible reasons:
#   The system is out of physical RAM or swap space
#   The process is running with CompressedOops enabled, and the Java Heap may be blocking the growth of the native heap
# Possible solutions:
#   Reduce memory load on the system
#   Increase physical memory or swap space
#   Check if swap backing store is full
#   Decrease Java heap size (-Xmx/-Xms)
#   Decrease number of Java threads
#   Decrease Java thread stack sizes (-Xss)
#   Set larger code cache with -XX:ReservedCodeCacheSize=
#   JVM is running with Zero Based Compressed Oops mode in which the Java heap is
#     placed in the first 32GB address space. The Java Heap base address is the
#     maximum limit for the native heap growth. Please use -XX:HeapBaseMinAddress
#     to set the Java Heap base and to place the Java Heap above 32GB virtual address.
# This output file may be truncated or incomplete.
#
#  Out of Memory Error (os_windows.cpp:3617), pid=18788, tid=20252
#
# JRE version:  (17.0.8.1+8) (build )
# Java VM: OpenJDK 64-Bit Server VM (17.0.8.1+8-LTS, mixed mode, emulated-client, sharing, tiered, compressed oops, compressed class ptrs, g1 gc, windows-amd64)
# No core dump will be written. Minidumps are not enabled by default on client versions of Windows
#

---------------  S U M M A R Y ------------

Command Line: -XX:TieredStopAtLevel=1 -Dspring.output.ansi.enabled=always -Dcom.sun.management.jmxremote -Dspring.jmx.enabled=true -Dspring.liveBeansView.mbeanDomain -Dspring.application.admin.enabled=true -Dmanagement.endpoints.jmx.exposure.include=* -javaagent:C:\Program Files\JetBrains\IntelliJ IDEA 2023.2.1\lib\idea_rt.jar=51238:C:\Program Files\JetBrains\IntelliJ IDEA 2023.2.1\bin -Dfile.encoding=UTF-8 com.example.socialapi.SocialApiApplication

Host: 11th Gen Intel(R) Core(TM) i7-1185G7 @ 3.00GHz, 8 cores, 15G,  Windows 10 , 64 bit Build 19041 (10.0.19041.3031)
Time: Fri Sep 15 08:06:55 2023 SE Asia Standard Time elapsed time: 0.056111 seconds (0d 0h 0m 0s)

---------------  T H R E A D  ---------------

Current thread (0x000002386952f700):  JavaThread "Unknown thread" [_thread_in_vm, id=20252, stack(0x0000006aa7f00000,0x0000006aa8000000)]

Stack: [0x0000006aa7f00000,0x0000006aa8000000]
Native frames: (J=compiled Java code, j=interpreted, Vv=VM code, C=native code)
V  [jvm.dll+0x64c9da]
V  [jvm.dll+0x800834]
V  [jvm.dll+0x801fee]
V  [jvm.dll+0x802643]
V  [jvm.dll+0x23715b]
V  [jvm.dll+0x64977a]
V  [jvm.dll+0x63e1ca]
V  [jvm.dll+0x2f5e99]
V  [jvm.dll+0x2fd096]
V  [jvm.dll+0x349b7a]
V  [jvm.dll+0x349dbf]
V  [jvm.dll+0x2cc0d8]
V  [jvm.dll+0x2cd069]
V  [jvm.dll+0x7d4491]
V  [jvm.dll+0x357051]
V  [jvm.dll+0x7b485e]
V  [jvm.dll+0x3d45f3]
V  [jvm.dll+0x3d6041]
C  [jli.dll+0x51bf]
C  [ucrtbase.dll+0x21bb2]
C  [KERNEL32.DLL+0x17614]
C  [ntdll.dll+0x526f1]


---------------  P R O C E S S  ---------------

Threads class SMR info:
_java_thread_list=0x00007ffc085ef898, length=0, elements={
}

Java Threads: ( => current thread )

Other Threads:
  0x000002386959a7d0 GCTaskThread "GC Thread#0" [stack: 0x0000006aa8000000,0x0000006aa8100000] [id=1912]
  0x00000238695ab1f0 ConcurrentGCThread "G1 Main Marker" [stack: 0x0000006aa8100000,0x0000006aa8200000] [id=18556]
  0x00000238695acb20 ConcurrentGCThread "G1 Conc#0" [stack: 0x0000006aa8200000,0x0000006aa8300000] [id=17112]

[error occurred during error reporting (printing all threads), id 0xc0000005, EXCEPTION_ACCESS_VIOLATION (0xc0000005) at pc=0x00007ffc07ddd377]

VM state: not at safepoint (not fully initialized)

VM Mutex/Monitor currently owned by a thread:  ([mutex/lock_event])
[0x000002386952aa00] Heap_lock - owner thread: 0x000002386952f700

Heap address: 0x0000000704400000, size: 4028 MB, Compressed Oops mode: Zero based, Oop shift amount: 3

CDS archive(s) mapped at: [0x0000000000000000-0x0000000000000000-0x0000000000000000), size 0, SharedBaseAddress: 0x0000000800000000, ArchiveRelocationMode: 1.
Narrow klass base: 0x0000000000000000, Narrow klass shift: 0, Narrow klass range: 0x0

GC Precious Log:
<Empty>

Heap:
 garbage-first heap   total 0K, used 0K [0x0000000704400000, 0x0000000800000000)
  region size 2048K, 0 young (0K), 0 survivors (0K)

[error occurred during error reporting (printing heap information), id 0xc0000005, EXCEPTION_ACCESS_VIOLATION (0xc0000005) at pc=0x00007ffc081a4bd9]

GC Heap History (0 events):
No events

Dll operation events (1 events):
Event: 0.051 Loaded shared library C:\Users\Nguyen Anh\.jdks\corretto-17.0.8.1\bin\java.dll

Deoptimization events (0 events):
No events

Classes unloaded (0 events):
No events

Classes redefined (0 events):
No events

Internal exceptions (0 events):
No events

VM Operations (0 events):
No events

Events (0 events):
No events


Dynamic libraries:
0x00007ff719020000 - 0x00007ff71902d000 	C:\Users\Nguyen Anh\.jdks\corretto-17.0.8.1\bin\java.exe
0x00007ffc54370000 - 0x00007ffc54568000 	C:\Windows\SYSTEM32\ntdll.dll
0x00007ffc54270000 - 0x00007ffc5432f000 	C:\Windows\System32\KERNEL32.DLL
0x00007ffc520d0000 - 0x00007ffc523c6000 	C:\Windows\System32\KERNELBASE.dll
0x00007ffc51c20000 - 0x00007ffc51d20000 	C:\Windows\System32\ucrtbase.dll
0x00007ffc3b800000 - 0x00007ffc3b815000 	C:\Users\Nguyen Anh\.jdks\corretto-17.0.8.1\bin\VCRUNTIME140.dll
0x00007ffc3d5c0000 - 0x00007ffc3d5d7000 	C:\Users\Nguyen Anh\.jdks\corretto-17.0.8.1\bin\jli.dll
0x00007ffc534c0000 - 0x00007ffc5365d000 	C:\Windows\System32\USER32.dll
0x00007ffc51fe0000 - 0x00007ffc52002000 	C:\Windows\System32\win32u.dll
0x00007ffc53690000 - 0x00007ffc536bc000 	C:\Windows\System32\GDI32.dll
0x00007ffc51a50000 - 0x00007ffc51b65000 	C:\Windows\System32\gdi32full.dll
0x00007ffc51f40000 - 0x00007ffc51fdd000 	C:\Windows\System32\msvcp_win.dll
0x00007ffc41e90000 - 0x00007ffc4212a000 	C:\Windows\WinSxS\amd64_microsoft.windows.common-controls_6595b64144ccf1df_6.0.19041.1110_none_60b5254171f9507e\COMCTL32.dll
0x00007ffc541d0000 - 0x00007ffc5426e000 	C:\Windows\System32\msvcrt.dll
0x00007ffc53660000 - 0x00007ffc53690000 	C:\Windows\System32\IMM32.DLL
0x00007ffc09490000 - 0x00007ffc0952b000 	C:\Users\Nguyen Anh\.jdks\corretto-17.0.8.1\bin\msvcp140.dll
0x00007ffc07b00000 - 0x00007ffc0871d000 	C:\Users\Nguyen Anh\.jdks\corretto-17.0.8.1\bin\server\jvm.dll
0x00007ffc52a10000 - 0x00007ffc52abf000 	C:\Windows\System32\ADVAPI32.dll
0x00007ffc53b20000 - 0x00007ffc53bbc000 	C:\Windows\System32\sechost.dll
0x00007ffc532b0000 - 0x00007ffc533d6000 	C:\Windows\System32\RPCRT4.dll
0x00007ffc50f80000 - 0x00007ffc50fcb000 	C:\Windows\SYSTEM32\POWRPROF.dll
0x00007ffc4bd80000 - 0x00007ffc4bd89000 	C:\Windows\SYSTEM32\WSOCK32.dll
0x00007ffc406c0000 - 0x00007ffc406e7000 	C:\Windows\SYSTEM32\WINMM.dll
0x00007ffc53c80000 - 0x00007ffc53ceb000 	C:\Windows\System32\WS2_32.dll
0x00007ffc48560000 - 0x00007ffc4856a000 	C:\Windows\SYSTEM32\VERSION.dll
0x00007ffc50e40000 - 0x00007ffc50e52000 	C:\Windows\SYSTEM32\UMPDC.dll
0x00007ffc50250000 - 0x00007ffc50262000 	C:\Windows\SYSTEM32\kernel.appcore.dll
0x00007ffc457f0000 - 0x00007ffc457fa000 	C:\Users\Nguyen Anh\.jdks\corretto-17.0.8.1\bin\jimage.dll
0x00007ffc4f630000 - 0x00007ffc4f814000 	C:\Windows\SYSTEM32\DBGHELP.DLL
0x00007ffc40120000 - 0x00007ffc40154000 	C:\Windows\SYSTEM32\dbgcore.DLL
0x00007ffc52010000 - 0x00007ffc52092000 	C:\Windows\System32\bcryptPrimitives.dll
0x00007ffc4bd60000 - 0x00007ffc4bd6e000 	C:\Users\Nguyen Anh\.jdks\corretto-17.0.8.1\bin\instrument.dll
0x00007ffc457c0000 - 0x00007ffc457e5000 	C:\Users\Nguyen Anh\.jdks\corretto-17.0.8.1\bin\java.dll

dbghelp: loaded successfully - version: 4.0.5 - missing functions: none
symbol engine: initialized successfully - sym options: 0x614 - pdb path: .;C:\Users\Nguyen Anh\.jdks\corretto-17.0.8.1\bin;C:\Windows\SYSTEM32;C:\Windows\WinSxS\amd64_microsoft.windows.common-controls_6595b64144ccf1df_6.0.19041.1110_none_60b5254171f9507e;C:\Users\Nguyen Anh\.jdks\corretto-17.0.8.1\bin\server

VM Arguments:
jvm_args: -XX:TieredStopAtLevel=1 -Dspring.output.ansi.enabled=always -Dcom.sun.management.jmxremote -Dspring.jmx.enabled=true -Dspring.liveBeansView.mbeanDomain -Dspring.application.admin.enabled=true -Dmanagement.endpoints.jmx.exposure.include=* -javaagent:C:\Program Files\JetBrains\IntelliJ IDEA 2023.2.1\lib\idea_rt.jar=51238:C:\Program Files\JetBrains\IntelliJ IDEA 2023.2.1\bin -Dfile.encoding=UTF-8 
java_command: com.example.socialapi.SocialApiApplication
java_class_path (initial): D:\social-api\target\classes;C:\Users\Nguyen Anh\.m2\repository\org\springframework\boot\spring-boot-starter-data-mongodb\3.0.6\spring-boot-starter-data-mongodb-3.0.6.jar;C:\Users\Nguyen Anh\.m2\repository\org\springframework\boot\spring-boot-starter\3.0.6\spring-boot-starter-3.0.6.jar;C:\Users\Nguyen Anh\.m2\repository\org\springframework\boot\spring-boot\3.0.6\spring-boot-3.0.6.jar;C:\Users\Nguyen Anh\.m2\repository\org\springframework\boot\spring-boot-autoconfigure\3.0.6\spring-boot-autoconfigure-3.0.6.jar;C:\Users\Nguyen Anh\.m2\repository\org\springframework\boot\spring-boot-starter-logging\3.0.6\spring-boot-starter-logging-3.0.6.jar;C:\Users\Nguyen Anh\.m2\repository\ch\qos\logback\logback-classic\1.4.7\logback-classic-1.4.7.jar;C:\Users\Nguyen Anh\.m2\repository\ch\qos\logback\logback-core\1.4.7\logback-core-1.4.7.jar;C:\Users\Nguyen Anh\.m2\repository\org\apache\logging\log4j\log4j-to-slf4j\2.19.0\log4j-to-slf4j-2.19.0.jar;C:\Users\Nguyen Anh\.m2\repository\org\apache\logging\log4j\log4j-api\2.19.0\log4j-api-2.19.0.jar;C:\Users\Nguyen Anh\.m2\repository\org\slf4j\jul-to-slf4j\2.0.7\jul-to-slf4j-2.0.7.jar;C:\Users\Nguyen Anh\.m2\repository\jakarta\annotation\jakarta.annotation-api\2.1.1\jakarta.annotation-api-2.1.1.jar;C:\Users\Nguyen Anh\.m2\repository\org\yaml\snakeyaml\1.33\snakeyaml-1.33.jar;C:\Users\Nguyen Anh\.m2\repository\org\mongodb\mongodb-driver-sync\4.8.2\mongodb-driver-sync-4.8.2.jar;C:\Users\Nguyen Anh\.m2\repository\org\mongodb\bson\4.8.2\bson-4.8.2.jar;C:\Users\Nguyen Anh\.m2\repository\org\mongodb\mongodb-driver-core\4.8.2\mongodb-driver-core-4.8.2.jar;C:\Users\Nguyen Anh\.m2\repository\org\mongodb\bson-record-codec\4.8.2\bson-record-codec-4.8.2.jar;C:\Users\Nguyen Anh\.m2\repository\org\springframework\data\spring-data-mongodb\4.0.5\spring-data-mongodb-4.0.5.jar;C:\Users\Nguyen Anh\.m2\repository\org\springframework\spring-tx\6.0.8\spring-tx-6.0.8.jar;C:\Users\Nguyen Anh\.m2\repository\org\springframework\spring-
Launcher Type: SUN_STANDARD

[Global flags]
     intx CICompilerCount                          = 4                                         {product} {ergonomic}
     uint ConcGCThreads                            = 2                                         {product} {ergonomic}
     uint G1ConcRefinementThreads                  = 8                                         {product} {ergonomic}
   size_t G1HeapRegionSize                         = 2097152                                   {product} {ergonomic}
    uintx GCDrainStackTargetSize                   = 64                                        {product} {ergonomic}
   size_t InitialHeapSize                          = 264241152                                 {product} {ergonomic}
     bool ManagementServer                         = true                                      {product} {command line}
   size_t MarkStackSize                            = 4194304                                   {product} {ergonomic}
   size_t MaxHeapSize                              = 4223664128                                {product} {ergonomic}
   size_t MinHeapDeltaBytes                        = 2097152                                   {product} {ergonomic}
   size_t MinHeapSize                              = 8388608                                   {product} {ergonomic}
    uintx NonProfiledCodeHeapSize                  = 0                                      {pd product} {ergonomic}
     bool ProfileInterpreter                       = false                                  {pd product} {command line}
    uintx ProfiledCodeHeapSize                     = 0                                      {pd product} {ergonomic}
   size_t SoftMaxHeapSize                          = 4223664128                             {manageable} {ergonomic}
     intx TieredStopAtLevel                        = 1                                         {product} {command line}
     bool UseCompressedClassPointers               = true                           {product lp64_product} {ergonomic}
     bool UseCompressedOops                        = true                           {product lp64_product} {ergonomic}
     bool UseG1GC                                  = true                                      {product} {ergonomic}
     bool UseLargePagesIndividualAllocation        = false                                  {pd product} {ergonomic}

Logging:
Log output configuration:
 #0: stdout all=warning uptime,level,tags
 #1: stderr all=off uptime,level,tags

Environment Variables:
JAVA_HOME=C:\Program Files\Java\jdk-14.0.2
PATH=;C:\Program Files\MySQL\MySQL Shell 8.0\bin\;C:\Users\Nguyen Anh\AppData\Local\Microsoft\WindowsApps;C:\Users\Nguyen Anh\AppData\Local\Programs\Microsoft VS Code\bin;C:\Program Files\Java\jdk-14.0.2\bin;C:\Users\Nguyen Anh\AppData\Local\GitHubDesktop\bin;C:\Program Files\Azure Data Studio\bin;C:\Users\Nguyen Anh\AppData\Local\GitHubDesktop;C:\Users\Nguyen Anh\AppData\Roaming\npm;D:\IntelliJ IDEA 2022.1\bin;C:\Program Files\Git\cmd;C:\Program Files\dotnet\;C:\Program Files\Apache Software Foundation\Tomcat 9.0\bin;D:\apache-maven-3.8.6-bin\apache-maven-3.8.6\bin;C:\Program Files\Java\jdk-14.0.2\bin;C:\Windows\system32;C:\Windows;C:\Windows\System32\Wbem;C:\Windows\System32\WindowsPowerShell\v1.0\;C:\Windows\System32\OpenSSH\;C:\Users\Nguyen Anh\AppData\Roaming\nvm;C:\Program Files\nodejs;C:\Users\Nguyen Anh\AppData\Local\Android\Sdk\emulator;C:\Android\platform-tools;C:\ProgramData\chocolatey\bin;C:\Program Files\PowerShell\7\;C:\Program Files\Docker\Docker\resources\bin;C:\Program Files\nodejs\;C:\Program Files\Git LFS;C:\Program Files (x86)\NVIDIA Corporation\PhysX\Common;C:\Program Files\Microsoft SQL Server\150\Tools\Binn\;C:\Program Files\Microsoft SQL Server\Client SDK\ODBC\170\Tools\Binn\;C:\Users\Nguyen Anh\AppData\Local\Microsoft\WindowsApps;C:\Program Files\Java\jdk-14.0.2\bin;C:\Program Files\Azure Data Studio\bin;C:\Users\Nguyen Anh\AppData\Local\GitHubDesktop;C:\Program Files\JetBrains\IntelliJ IDEA 2023.2.1\bin;;C:\Program Files\Git\cmd;C:\Program Files (x86)\Vim\vim82;%IntelliJ IDEA Community Edition%;C:\xampp\php;C:\Users\Nguyen Anh\AppData\Local\Programs\oh-my-posh\bin;C:\Program Files\Python310\Scripts\;C:\Program Files\Python310\;C:\Users\Nguyen Anh\AppData\Local\Programs\Microsoft VS Code\bin;C:\Program Files\JetBrains\PyCharm 2023.1.3\bin;;C:\Users\Nguyen Anh\AppData\Roaming\nvm;C:\Program Files\nodejs;C:\Users\Nguyen Anh\AppData\Roaming\npm
USERNAME=Nguyen Anh
OS=Windows_NT
PROCESSOR_IDENTIFIER=Intel64 Family 6 Model 140 Stepping 1, GenuineIntel
TMP=C:\Users\NGUYEN~1\AppData\Local\Temp
TEMP=C:\Users\NGUYEN~1\AppData\Local\Temp



---------------  S Y S T E M  ---------------

OS:
 Windows 10 , 64 bit Build 19041 (10.0.19041.3031)
OS uptime: 0 days 0:37 hours
Hyper-V role detected

CPU: total 8 (initial active 8) (4 cores per cpu, 2 threads per core) family 6 model 140 stepping 1 microcode 0xa4, cx8, cmov, fxsr, ht, mmx, 3dnowpref, sse, sse2, sse3, ssse3, sse4.1, sse4.2, popcnt, lzcnt, tsc, tscinvbit, avx, avx2, aes, erms, clmul, bmi1, bmi2, adx, avx512f, avx512dq, avx512cd, avx512bw, avx512vl, sha, fma, vzeroupper, avx512_vpopcntdq, avx512_vpclmulqdq, avx512_vaes, avx512_vnni, clflush, clflushopt, clwb, avx512_vbmi2, avx512_vbmi, hv
Processor Information for all 8 processors :
  Max Mhz: 1805, Current Mhz: 1805, Mhz Limit: 1805

Memory: 4k page, system-wide physical 16110M (2077M free)
TotalPageFile size 17965M (AvailPageFile size 230M)
current process WorkingSet (physical memory assigned to process): 10M, peak: 10M
current process commit charge ("private bytes"): 55M, peak: 307M

vm_info: OpenJDK 64-Bit Server VM (17.0.8.1+8-LTS) for windows-amd64 JRE (17.0.8.1+8-LTS), built on Aug 19 2023 03:47:39 by "Administrator" with MS VC++ 15.9 (VS2017)

END.
